[ 2019-05-05T09:45:49+08:00 ] ::1 /tp3/
INFO: [ app_init ] --START--
INFO: Run Behavior\BuildLiteBehavior [ RunTime:0.000000s ]
INFO: [ app_init ] --END-- [ RunTime:0.044003s ]
INFO: [ app_begin ] --START--
INFO: Run Behavior\ReadHtmlCacheBehavior [ RunTime:0.007000s ]
INFO: [ app_begin ] --END-- [ RunTime:0.007000s ]
SQL: SHOW COLUMNS FROM `tp_nav` [ RunTime:0.1100s ]
SQL: SELECT * FROM `tp_nav` ORDER BY nav_index desc  [ RunTime:0.0030s ]
NOTIC: [8] Use of undefined constant flnian - assumed 'flnian' F:\phpStudy\WWW\tp3\flnian\Home\Controller\IndexController.class.php 第 12 行.
INFO: [ view_parse ] --START--
INFO: [ template_filter ] --START--
INFO: Run Behavior\ContentReplaceBehavior [ RunTime:0.020001s ]
INFO: [ template_filter ] --END-- [ RunTime:0.020001s ]
INFO: Run Behavior\ParseTemplateBehavior [ RunTime:0.153009s ]
INFO: [ view_parse ] --END-- [ RunTime:0.153009s ]
INFO: [ view_filter ] --START--
INFO: Run Behavior\WriteHtmlCacheBehavior [ RunTime:0.026001s ]
INFO: [ view_filter ] --END-- [ RunTime:0.026001s ]
INFO: [ app_end ] --START--
INFO: Run Behavior\ShowPageTraceBehavior [ RunTime:0.011001s ]
INFO: [ app_end ] --END-- [ RunTime:0.011001s ]

[ 2019-05-05T09:45:57+08:00 ] ::1 /tp3/?
INFO: [ app_init ] --START--
INFO: Run Behavior\BuildLiteBehavior [ RunTime:0.000000s ]
INFO: [ app_init ] --END-- [ RunTime:0.002000s ]
INFO: [ app_begin ] --START--
INFO: Run Behavior\ReadHtmlCacheBehavior [ RunTime:0.001001s ]
INFO: [ app_begin ] --END-- [ RunTime:0.001001s ]
SQL: SHOW COLUMNS FROM `tp_nav` [ RunTime:0.0160s ]
SQL: SELECT * FROM `tp_nav` ORDER BY nav_index desc  [ RunTime:0.0010s ]
NOTIC: [8] Use of undefined constant flnian - assumed 'flnian' F:\phpStudy\WWW\tp3\flnian\Home\Controller\IndexController.class.php 第 12 行.
INFO: [ view_parse ] --START--
INFO: [ template_filter ] --START--
INFO: Run Behavior\ContentReplaceBehavior [ RunTime:0.000000s ]
INFO: [ template_filter ] --END-- [ RunTime:0.000000s ]
INFO: Run Behavior\ParseTemplateBehavior [ RunTime:0.014001s ]
INFO: [ view_parse ] --END-- [ RunTime:0.014001s ]
INFO: [ view_filter ] --START--
INFO: Run Behavior\WriteHtmlCacheBehavior [ RunTime:0.001000s ]
INFO: [ view_filter ] --END-- [ RunTime:0.001000s ]
INFO: [ app_end ] --START--
INFO: Run Behavior\ShowPageTraceBehavior [ RunTime:0.002000s ]
INFO: [ app_end ] --END-- [ RunTime:0.002000s ]

[ 2019-05-05T09:46:57+08:00 ] ::1 /tp3/index.php
INFO: [ app_init ] --START--
INFO: Run Behavior\BuildLiteBehavior [ RunTime:0.000000s ]
INFO: [ app_init ] --END-- [ RunTime:0.010000s ]
INFO: [ app_begin ] --START--
INFO: Run Behavior\ReadHtmlCacheBehavior [ RunTime:0.000000s ]
INFO: [ app_begin ] --END-- [ RunTime:0.000000s ]
SQL: SHOW COLUMNS FROM `tp_nav` [ RunTime:0.0200s ]
SQL: SELECT * FROM `tp_nav` ORDER BY nav_index desc  [ RunTime:0.0000s ]
NOTIC: [8] Use of undefined constant flnian - assumed 'flnian' F:\phpStudy\WWW\tp3\flnian\Home\Controller\IndexController.class.php 第 12 行.
INFO: [ view_parse ] --START--
INFO: [ template_filter ] --START--
INFO: Run Behavior\ContentReplaceBehavior [ RunTime:0.000000s ]
INFO: [ template_filter ] --END-- [ RunTime:0.000000s ]
INFO: Run Behavior\ParseTemplateBehavior [ RunTime:0.020000s ]
INFO: [ view_parse ] --END-- [ RunTime:0.020000s ]
INFO: [ view_filter ] --START--
INFO: Run Behavior\WriteHtmlCacheBehavior [ RunTime:0.000000s ]
INFO: [ view_filter ] --END-- [ RunTime:0.000000s ]
INFO: [ app_end ] --START--
INFO: Run Behavior\ShowPageTraceBehavior [ RunTime:0.010000s ]
INFO: [ app_end ] --END-- [ RunTime:0.010000s ]

[ 2019-05-05T09:50:28+08:00 ] ::1 /tp3/?
INFO: [ app_init ] --START--
INFO: Run Behavior\BuildLiteBehavior [ RunTime:0.000000s ]
INFO: [ app_init ] --END-- [ RunTime:0.002000s ]
INFO: [ app_begin ] --START--
INFO: Run Behavior\ReadHtmlCacheBehavior [ RunTime:0.002000s ]
INFO: [ app_begin ] --END-- [ RunTime:0.002000s ]
SQL: SHOW COLUMNS FROM `tp_nav` [ RunTime:0.0120s ]
SQL: SELECT * FROM `tp_nav` ORDER BY nav_index desc  [ RunTime:0.0010s ]
NOTIC: [8] Use of undefined constant flnian - assumed 'flnian' F:\phpStudy\WWW\tp3\flnian\Home\Controller\IndexController.class.php 第 12 行.
INFO: [ view_parse ] --START--
INFO: [ template_filter ] --START--
INFO: Run Behavior\ContentReplaceBehavior [ RunTime:0.000000s ]
INFO: [ template_filter ] --END-- [ RunTime:0.000000s ]
INFO: Run Behavior\ParseTemplateBehavior [ RunTime:0.016001s ]
INFO: [ view_parse ] --END-- [ RunTime:0.016001s ]
INFO: [ view_filter ] --START--
INFO: Run Behavior\WriteHtmlCacheBehavior [ RunTime:0.001000s ]
INFO: [ view_filter ] --END-- [ RunTime:0.001000s ]
INFO: [ app_end ] --START--
INFO: Run Behavior\ShowPageTraceBehavior [ RunTime:0.002000s ]
INFO: [ app_end ] --END-- [ RunTime:0.002000s ]

[ 2019-05-05T09:56:50+08:00 ] ::1 /tp3/?
INFO: [ app_init ] --START--
INFO: Run Behavior\BuildLiteBehavior [ RunTime:0.000000s ]
INFO: [ app_init ] --END-- [ RunTime:0.001000s ]
INFO: [ app_begin ] --START--
INFO: Run Behavior\ReadHtmlCacheBehavior [ RunTime:0.002001s ]
INFO: [ app_begin ] --END-- [ RunTime:0.002001s ]
SQL: SHOW COLUMNS FROM `tp_nav` [ RunTime:0.0260s ]
SQL: SELECT * FROM `tp_nav` ORDER BY nav_index desc  [ RunTime:0.0030s ]
NOTIC: [8] Use of undefined constant flnian - assumed 'flnian' F:\phpStudy\WWW\tp3\flnian\Home\Controller\IndexController.class.php 第 12 行.
INFO: [ view_parse ] --START--
INFO: [ template_filter ] --START--
INFO: Run Behavior\ContentReplaceBehavior [ RunTime:0.001000s ]
INFO: [ template_filter ] --END-- [ RunTime:0.001000s ]
NOTIC: [8] Undefined variable: nav_title F:\phpStudy\WWW\tp3\flnian\Runtime\Cache\Home\138d6b6a37fd17ebd736956bb1322679.php 第 39 行.
NOTIC: [8] Undefined variable: nav_title F:\phpStudy\WWW\tp3\flnian\Runtime\Cache\Home\138d6b6a37fd17ebd736956bb1322679.php 第 39 行.
NOTIC: [8] Undefined variable: nav_title F:\phpStudy\WWW\tp3\flnian\Runtime\Cache\Home\138d6b6a37fd17ebd736956bb1322679.php 第 39 行.
INFO: Run Behavior\ParseTemplateBehavior [ RunTime:0.016001s ]
INFO: [ view_parse ] --END-- [ RunTime:0.016001s ]
INFO: [ view_filter ] --START--
INFO: Run Behavior\WriteHtmlCacheBehavior [ RunTime:0.001000s ]
INFO: [ view_filter ] --END-- [ RunTime:0.001000s ]
INFO: [ app_end ] --START--
INFO: Run Behavior\ShowPageTraceBehavior [ RunTime:0.001000s ]
INFO: [ app_end ] --END-- [ RunTime:0.002000s ]

[ 2019-05-05T09:58:34+08:00 ] ::1 /tp3/?
INFO: [ app_init ] --START--
INFO: Run Behavior\BuildLiteBehavior [ RunTime:0.000000s ]
INFO: [ app_init ] --END-- [ RunTime:0.002000s ]
INFO: [ app_begin ] --START--
INFO: Run Behavior\ReadHtmlCacheBehavior [ RunTime:0.002000s ]
INFO: [ app_begin ] --END-- [ RunTime:0.002000s ]
SQL: SHOW COLUMNS FROM `tp_nav` [ RunTime:0.0230s ]
SQL: SELECT * FROM `tp_nav` ORDER BY nav_index desc  [ RunTime:0.0010s ]
NOTIC: [8] Use of undefined constant flnian - assumed 'flnian' F:\phpStudy\WWW\tp3\flnian\Home\Controller\IndexController.class.php 第 13 行.
INFO: [ view_parse ] --START--
INFO: [ template_filter ] --START--
INFO: Run Behavior\ContentReplaceBehavior [ RunTime:0.000000s ]
INFO: [ template_filter ] --END-- [ RunTime:0.000000s ]
NOTIC: [8] Undefined variable: navbar F:\phpStudy\WWW\tp3\flnian\Runtime\Cache\Home\138d6b6a37fd17ebd736956bb1322679.php 第 37 行.
NOTIC: [2] Invalid argument supplied for foreach() F:\phpStudy\WWW\tp3\flnian\Runtime\Cache\Home\138d6b6a37fd17ebd736956bb1322679.php 第 37 行.
INFO: Run Behavior\ParseTemplateBehavior [ RunTime:0.019001s ]
INFO: [ view_parse ] --END-- [ RunTime:0.019001s ]
INFO: [ view_filter ] --START--
INFO: Run Behavior\WriteHtmlCacheBehavior [ RunTime:0.001000s ]
INFO: [ view_filter ] --END-- [ RunTime:0.002000s ]
INFO: [ app_end ] --START--
INFO: Run Behavior\ShowPageTraceBehavior [ RunTime:0.001000s ]
INFO: [ app_end ] --END-- [ RunTime:0.001000s ]

[ 2019-05-05T09:58:49+08:00 ] ::1 /tp3/?
INFO: [ app_init ] --START--
INFO: Run Behavior\BuildLiteBehavior [ RunTime:0.000000s ]
INFO: [ app_init ] --END-- [ RunTime:0.001000s ]
INFO: [ app_begin ] --START--
INFO: Run Behavior\ReadHtmlCacheBehavior [ RunTime:0.001000s ]
INFO: [ app_begin ] --END-- [ RunTime:0.001000s ]
SQL: SHOW COLUMNS FROM `tp_nav` [ RunTime:0.0260s ]
SQL: SELECT * FROM `tp_nav` ORDER BY nav_index desc  [ RunTime:0.0010s ]
NOTIC: [8] Use of undefined constant flnian - assumed 'flnian' F:\phpStudy\WWW\tp3\flnian\Home\Controller\IndexController.class.php 第 13 行.
INFO: [ view_parse ] --START--
INFO: [ template_filter ] --START--
INFO: Run Behavior\ContentReplaceBehavior [ RunTime:0.001000s ]
INFO: [ template_filter ] --END-- [ RunTime:0.001000s ]
NOTIC: [8] Undefined variable: navbar F:\phpStudy\WWW\tp3\flnian\Runtime\Cache\Home\138d6b6a37fd17ebd736956bb1322679.php 第 37 行.
NOTIC: [2] Invalid argument supplied for foreach() F:\phpStudy\WWW\tp3\flnian\Runtime\Cache\Home\138d6b6a37fd17ebd736956bb1322679.php 第 37 行.
INFO: Run Behavior\ParseTemplateBehavior [ RunTime:0.025002s ]
INFO: [ view_parse ] --END-- [ RunTime:0.025002s ]
INFO: [ view_filter ] --START--
INFO: Run Behavior\WriteHtmlCacheBehavior [ RunTime:0.001000s ]
INFO: [ view_filter ] --END-- [ RunTime:0.001000s ]
INFO: [ app_end ] --START--
INFO: Run Behavior\ShowPageTraceBehavior [ RunTime:0.002000s ]
INFO: [ app_end ] --END-- [ RunTime:0.002000s ]

[ 2019-05-05T09:58:53+08:00 ] ::1 /tp3/?
INFO: [ app_init ] --START--
INFO: Run Behavior\BuildLiteBehavior [ RunTime:0.000000s ]
INFO: [ app_init ] --END-- [ RunTime:0.000000s ]
INFO: [ app_begin ] --START--
INFO: Run Behavior\ReadHtmlCacheBehavior [ RunTime:0.001000s ]
INFO: [ app_begin ] --END-- [ RunTime:0.001000s ]
SQL: SHOW COLUMNS FROM `tp_nav` [ RunTime:0.0250s ]
SQL: SELECT * FROM `tp_nav` ORDER BY nav_index desc  [ RunTime:0.0000s ]
NOTIC: [8] Use of undefined constant flnian - assumed 'flnian' F:\phpStudy\WWW\tp3\flnian\Home\Controller\IndexController.class.php 第 13 行.
INFO: [ view_parse ] --START--
INFO: [ template_filter ] --START--
INFO: Run Behavior\ContentReplaceBehavior [ RunTime:0.000000s ]
INFO: [ template_filter ] --END-- [ RunTime:0.000000s ]
NOTIC: [8] Undefined variable: nav_title F:\phpStudy\WWW\tp3\flnian\Runtime\Cache\Home\138d6b6a37fd17ebd736956bb1322679.php 第 39 行.
NOTIC: [8] Undefined variable: nav_title F:\phpStudy\WWW\tp3\flnian\Runtime\Cache\Home\138d6b6a37fd17ebd736956bb1322679.php 第 39 行.
NOTIC: [8] Undefined variable: nav_title F:\phpStudy\WWW\tp3\flnian\Runtime\Cache\Home\138d6b6a37fd17ebd736956bb1322679.php 第 39 行.
INFO: Run Behavior\ParseTemplateBehavior [ RunTime:0.025002s ]
INFO: [ view_parse ] --END-- [ RunTime:0.025002s ]
INFO: [ view_filter ] --START--
INFO: Run Behavior\WriteHtmlCacheBehavior [ RunTime:0.002000s ]
INFO: [ view_filter ] --END-- [ RunTime:0.002000s ]
INFO: [ app_end ] --START--
INFO: Run Behavior\ShowPageTraceBehavior [ RunTime:0.001000s ]
INFO: [ app_end ] --END-- [ RunTime:0.001000s ]

[ 2019-05-05T10:02:13+08:00 ] ::1 /tp3/?
INFO: [ app_init ] --START--
INFO: Run Behavior\BuildLiteBehavior [ RunTime:0.000000s ]
INFO: [ app_init ] --END-- [ RunTime:0.001000s ]
INFO: [ app_begin ] --START--
INFO: Run Behavior\ReadHtmlCacheBehavior [ RunTime:0.001000s ]
INFO: [ app_begin ] --END-- [ RunTime:0.001000s ]
SQL: SHOW COLUMNS FROM `tp_nav` [ RunTime:0.0270s ]
SQL: SELECT * FROM `tp_nav` ORDER BY nav_index desc  [ RunTime:0.0010s ]
NOTIC: [8] Use of undefined constant flnian - assumed 'flnian' F:\phpStudy\WWW\tp3\flnian\Home\Controller\IndexController.class.php 第 13 行.
INFO: [ view_parse ] --START--
INFO: [ template_filter ] --START--
INFO: Run Behavior\ContentReplaceBehavior [ RunTime:0.000000s ]
INFO: [ template_filter ] --END-- [ RunTime:0.000000s ]
NOTIC: [8] Undefined variable: nav_title F:\phpStudy\WWW\tp3\flnian\Runtime\Cache\Home\138d6b6a37fd17ebd736956bb1322679.php 第 39 行.
NOTIC: [8] Undefined variable: nav_title F:\phpStudy\WWW\tp3\flnian\Runtime\Cache\Home\138d6b6a37fd17ebd736956bb1322679.php 第 39 行.
NOTIC: [8] Undefined variable: nav_title F:\phpStudy\WWW\tp3\flnian\Runtime\Cache\Home\138d6b6a37fd17ebd736956bb1322679.php 第 39 行.
INFO: Run Behavior\ParseTemplateBehavior [ RunTime:0.019001s ]
INFO: [ view_parse ] --END-- [ RunTime:0.019001s ]
INFO: [ view_filter ] --START--
INFO: Run Behavior\WriteHtmlCacheBehavior [ RunTime:0.002001s ]
INFO: [ view_filter ] --END-- [ RunTime:0.002001s ]
INFO: [ app_end ] --START--
INFO: Run Behavior\ShowPageTraceBehavior [ RunTime:0.001000s ]
INFO: [ app_end ] --END-- [ RunTime:0.001000s ]

[ 2019-05-05T10:04:24+08:00 ] ::1 /tp3/?
INFO: [ app_init ] --START--
INFO: Run Behavior\BuildLiteBehavior [ RunTime:0.000000s ]
INFO: [ app_init ] --END-- [ RunTime:0.002000s ]
INFO: [ app_begin ] --START--
INFO: Run Behavior\ReadHtmlCacheBehavior [ RunTime:0.002000s ]
INFO: [ app_begin ] --END-- [ RunTime:0.002000s ]
SQL: SHOW COLUMNS FROM `tp_nav` [ RunTime:0.0250s ]
SQL: SELECT * FROM `tp_nav` ORDER BY nav_index desc  [ RunTime:0.0020s ]
NOTIC: [8] Use of undefined constant flnian - assumed 'flnian' F:\phpStudy\WWW\tp3\flnian\Home\Controller\IndexController.class.php 第 13 行.
INFO: [ view_parse ] --START--
INFO: [ template_filter ] --START--
INFO: Run Behavior\ContentReplaceBehavior [ RunTime:0.000000s ]
INFO: [ template_filter ] --END-- [ RunTime:0.001000s ]
NOTIC: [8] Use of undefined constant nav_title - assumed 'nav_title' F:\phpStudy\WWW\tp3\flnian\Runtime\Cache\Home\138d6b6a37fd17ebd736956bb1322679.php 第 38 行.
NOTIC: [8] Use of undefined constant nav_title - assumed 'nav_title' F:\phpStudy\WWW\tp3\flnian\Runtime\Cache\Home\138d6b6a37fd17ebd736956bb1322679.php 第 38 行.
NOTIC: [8] Use of undefined constant nav_title - assumed 'nav_title' F:\phpStudy\WWW\tp3\flnian\Runtime\Cache\Home\138d6b6a37fd17ebd736956bb1322679.php 第 38 行.
INFO: Run Behavior\ParseTemplateBehavior [ RunTime:0.018001s ]
INFO: [ view_parse ] --END-- [ RunTime:0.018001s ]
INFO: [ view_filter ] --START--
INFO: Run Behavior\WriteHtmlCacheBehavior [ RunTime:0.001000s ]
INFO: [ view_filter ] --END-- [ RunTime:0.001000s ]
INFO: [ app_end ] --START--
INFO: Run Behavior\ShowPageTraceBehavior [ RunTime:0.002000s ]
INFO: [ app_end ] --END-- [ RunTime:0.002000s ]

[ 2019-05-05T10:33:13+08:00 ] ::1 /tp3/?
INFO: [ app_init ] --START--
INFO: Run Behavior\BuildLiteBehavior [ RunTime:0.000000s ]
INFO: [ app_init ] --END-- [ RunTime:0.006001s ]
INFO: [ app_begin ] --START--
INFO: Run Behavior\ReadHtmlCacheBehavior [ RunTime:0.010001s ]
INFO: [ app_begin ] --END-- [ RunTime:0.010001s ]
SQL: SHOW COLUMNS FROM `tp_nav` [ RunTime:0.0250s ]
SQL: SELECT * FROM `tp_nav` ORDER BY nav_index desc  [ RunTime:0.0010s ]
NOTIC: [8] Use of undefined constant flnian - assumed 'flnian' F:\phpStudy\WWW\tp3\flnian\Home\Controller\IndexController.class.php 第 13 行.
INFO: [ view_parse ] --START--
INFO: [ template_filter ] --START--
INFO: Run Behavior\ContentReplaceBehavior [ RunTime:0.000000s ]
INFO: [ template_filter ] --END-- [ RunTime:0.001000s ]
NOTIC: [8] Use of undefined constant nav_title - assumed 'nav_title' F:\phpStudy\WWW\tp3\flnian\Runtime\Cache\Home\138d6b6a37fd17ebd736956bb1322679.php 第 39 行.
NOTIC: [8] Use of undefined constant nav_title - assumed 'nav_title' F:\phpStudy\WWW\tp3\flnian\Runtime\Cache\Home\138d6b6a37fd17ebd736956bb1322679.php 第 39 行.
NOTIC: [8] Use of undefined constant nav_title - assumed 'nav_title' F:\phpStudy\WWW\tp3\flnian\Runtime\Cache\Home\138d6b6a37fd17ebd736956bb1322679.php 第 39 行.
INFO: Run Behavior\ParseTemplateBehavior [ RunTime:0.055004s ]
INFO: [ view_parse ] --END-- [ RunTime:0.055004s ]
INFO: [ view_filter ] --START--
INFO: Run Behavior\WriteHtmlCacheBehavior [ RunTime:0.014000s ]
INFO: [ view_filter ] --END-- [ RunTime:0.014000s ]
INFO: [ app_end ] --START--
INFO: Run Behavior\ShowPageTraceBehavior [ RunTime:0.002001s ]
INFO: [ app_end ] --END-- [ RunTime:0.002001s ]

[ 2019-05-05T10:33:18+08:00 ] ::1 /tp3/?
INFO: [ app_init ] --START--
INFO: Run Behavior\BuildLiteBehavior [ RunTime:0.000000s ]
INFO: [ app_init ] --END-- [ RunTime:0.001001s ]
INFO: [ app_begin ] --START--
INFO: Run Behavior\ReadHtmlCacheBehavior [ RunTime:0.002000s ]
INFO: [ app_begin ] --END-- [ RunTime:0.003000s ]
SQL: SHOW COLUMNS FROM `tp_nav` [ RunTime:0.0210s ]
SQL: SELECT * FROM `tp_nav` ORDER BY nav_index desc  [ RunTime:0.0010s ]
NOTIC: [8] Use of undefined constant flnian - assumed 'flnian' F:\phpStudy\WWW\tp3\flnian\Home\Controller\IndexController.class.php 第 13 行.
INFO: [ view_parse ] --START--
INFO: [ template_filter ] --START--
INFO: Run Behavior\ContentReplaceBehavior [ RunTime:0.001000s ]
INFO: [ template_filter ] --END-- [ RunTime:0.001000s ]
NOTIC: [8] Use of undefined constant nav_title - assumed 'nav_title' F:\phpStudy\WWW\tp3\flnian\Runtime\Cache\Home\138d6b6a37fd17ebd736956bb1322679.php 第 39 行.
NOTIC: [8] Use of undefined constant nav_title - assumed 'nav_title' F:\phpStudy\WWW\tp3\flnian\Runtime\Cache\Home\138d6b6a37fd17ebd736956bb1322679.php 第 39 行.
NOTIC: [8] Use of undefined constant nav_title - assumed 'nav_title' F:\phpStudy\WWW\tp3\flnian\Runtime\Cache\Home\138d6b6a37fd17ebd736956bb1322679.php 第 39 行.
INFO: Run Behavior\ParseTemplateBehavior [ RunTime:0.019001s ]
INFO: [ view_parse ] --END-- [ RunTime:0.019001s ]
INFO: [ view_filter ] --START--
INFO: Run Behavior\WriteHtmlCacheBehavior [ RunTime:0.002001s ]
INFO: [ view_filter ] --END-- [ RunTime:0.002001s ]
INFO: [ app_end ] --START--
INFO: Run Behavior\ShowPageTraceBehavior [ RunTime:0.003000s ]
INFO: [ app_end ] --END-- [ RunTime:0.003000s ]

[ 2019-05-05T10:34:24+08:00 ] ::1 /tp3/?
INFO: [ app_init ] --START--
INFO: Run Behavior\BuildLiteBehavior [ RunTime:0.000000s ]
INFO: [ app_init ] --END-- [ RunTime:0.001000s ]
INFO: [ app_begin ] --START--
INFO: Run Behavior\ReadHtmlCacheBehavior [ RunTime:0.002000s ]
INFO: [ app_begin ] --END-- [ RunTime:0.002000s ]
SQL: SHOW COLUMNS FROM `tp_nav` [ RunTime:0.0220s ]
SQL: SELECT * FROM `tp_nav` ORDER BY nav_index desc  [ RunTime:0.0010s ]
NOTIC: [8] Use of undefined constant flnian - assumed 'flnian' F:\phpStudy\WWW\tp3\flnian\Home\Controller\IndexController.class.php 第 13 行.
INFO: [ view_parse ] --START--
INFO: [ template_filter ] --START--
INFO: Run Behavior\ContentReplaceBehavior [ RunTime:0.001000s ]
INFO: [ template_filter ] --END-- [ RunTime:0.001000s ]
NOTIC: [8] Use of undefined constant nav_title - assumed 'nav_title' F:\phpStudy\WWW\tp3\flnian\Runtime\Cache\Home\138d6b6a37fd17ebd736956bb1322679.php 第 39 行.
NOTIC: [8] Use of undefined constant nav_title - assumed 'nav_title' F:\phpStudy\WWW\tp3\flnian\Runtime\Cache\Home\138d6b6a37fd17ebd736956bb1322679.php 第 39 行.
NOTIC: [8] Use of undefined constant nav_title - assumed 'nav_title' F:\phpStudy\WWW\tp3\flnian\Runtime\Cache\Home\138d6b6a37fd17ebd736956bb1322679.php 第 39 行.
INFO: Run Behavior\ParseTemplateBehavior [ RunTime:0.020001s ]
INFO: [ view_parse ] --END-- [ RunTime:0.020001s ]
INFO: [ view_filter ] --START--
INFO: Run Behavior\WriteHtmlCacheBehavior [ RunTime:0.002000s ]
INFO: [ view_filter ] --END-- [ RunTime:0.002000s ]
INFO: [ app_end ] --START--
INFO: Run Behavior\ShowPageTraceBehavior [ RunTime:0.002000s ]
INFO: [ app_end ] --END-- [ RunTime:0.003001s ]

[ 2019-05-05T10:35:43+08:00 ] ::1 /tp3/?
INFO: [ app_init ] --START--
INFO: Run Behavior\BuildLiteBehavior [ RunTime:0.000000s ]
INFO: [ app_init ] --END-- [ RunTime:0.001000s ]
INFO: [ app_begin ] --START--
INFO: Run Behavior\ReadHtmlCacheBehavior [ RunTime:0.002000s ]
INFO: [ app_begin ] --END-- [ RunTime:0.002000s ]
SQL: SHOW COLUMNS FROM `tp_nav` [ RunTime:0.0230s ]
SQL: SELECT * FROM `tp_nav` ORDER BY nav_index  [ RunTime:0.0020s ]
NOTIC: [8] Use of undefined constant flnian - assumed 'flnian' F:\phpStudy\WWW\tp3\flnian\Home\Controller\IndexController.class.php 第 13 行.
INFO: [ view_parse ] --START--
INFO: [ template_filter ] --START--
INFO: Run Behavior\ContentReplaceBehavior [ RunTime:0.000000s ]
INFO: [ template_filter ] --END-- [ RunTime:0.000000s ]
NOTIC: [8] Use of undefined constant nav_title - assumed 'nav_title' F:\phpStudy\WWW\tp3\flnian\Runtime\Cache\Home\138d6b6a37fd17ebd736956bb1322679.php 第 39 行.
NOTIC: [8] Use of undefined constant nav_title - assumed 'nav_title' F:\phpStudy\WWW\tp3\flnian\Runtime\Cache\Home\138d6b6a37fd17ebd736956bb1322679.php 第 39 行.
NOTIC: [8] Use of undefined constant nav_title - assumed 'nav_title' F:\phpStudy\WWW\tp3\flnian\Runtime\Cache\Home\138d6b6a37fd17ebd736956bb1322679.php 第 39 行.
INFO: Run Behavior\ParseTemplateBehavior [ RunTime:0.021002s ]
INFO: [ view_parse ] --END-- [ RunTime:0.021002s ]
INFO: [ view_filter ] --START--
INFO: Run Behavior\WriteHtmlCacheBehavior [ RunTime:0.002000s ]
INFO: [ view_filter ] --END-- [ RunTime:0.002000s ]
INFO: [ app_end ] --START--
INFO: Run Behavior\ShowPageTraceBehavior [ RunTime:0.002000s ]
INFO: [ app_end ] --END-- [ RunTime:0.002000s ]

[ 2019-05-05T10:36:55+08:00 ] ::1 /tp3/?
INFO: [ app_init ] --START--
INFO: Run Behavior\BuildLiteBehavior [ RunTime:0.000000s ]
INFO: [ app_init ] --END-- [ RunTime:0.001000s ]
INFO: [ app_begin ] --START--
INFO: Run Behavior\ReadHtmlCacheBehavior [ RunTime:0.002000s ]
INFO: [ app_begin ] --END-- [ RunTime:0.002000s ]
SQL: SHOW COLUMNS FROM `tp_nav` [ RunTime:0.0160s ]
SQL: SELECT * FROM `tp_nav` ORDER BY nav_index  [ RunTime:0.0050s ]
NOTIC: [8] Use of undefined constant flnian - assumed 'flnian' F:\phpStudy\WWW\tp3\flnian\Home\Controller\IndexController.class.php 第 13 行.
INFO: [ view_parse ] --START--
INFO: [ template_filter ] --START--
INFO: Run Behavior\ContentReplaceBehavior [ RunTime:0.000000s ]
INFO: [ template_filter ] --END-- [ RunTime:0.000000s ]
NOTIC: [8] Use of undefined constant nav_title - assumed 'nav_title' F:\phpStudy\WWW\tp3\flnian\Runtime\Cache\Home\138d6b6a37fd17ebd736956bb1322679.php 第 39 行.
NOTIC: [8] Use of undefined constant nav_title - assumed 'nav_title' F:\phpStudy\WWW\tp3\flnian\Runtime\Cache\Home\138d6b6a37fd17ebd736956bb1322679.php 第 39 行.
NOTIC: [8] Use of undefined constant nav_title - assumed 'nav_title' F:\phpStudy\WWW\tp3\flnian\Runtime\Cache\Home\138d6b6a37fd17ebd736956bb1322679.php 第 39 行.
INFO: Run Behavior\ParseTemplateBehavior [ RunTime:0.023001s ]
INFO: [ view_parse ] --END-- [ RunTime:0.023001s ]
INFO: [ view_filter ] --START--
INFO: Run Behavior\WriteHtmlCacheBehavior [ RunTime:0.003001s ]
INFO: [ view_filter ] --END-- [ RunTime:0.003001s ]
INFO: [ app_end ] --START--
INFO: Run Behavior\ShowPageTraceBehavior [ RunTime:0.003000s ]
INFO: [ app_end ] --END-- [ RunTime:0.003000s ]

[ 2019-05-05T10:40:41+08:00 ] ::1 /tp3/?
INFO: [ app_init ] --START--
INFO: Run Behavior\BuildLiteBehavior [ RunTime:0.000000s ]
INFO: [ app_init ] --END-- [ RunTime:0.001000s ]
INFO: [ app_begin ] --START--
INFO: Run Behavior\ReadHtmlCacheBehavior [ RunTime:0.002000s ]
INFO: [ app_begin ] --END-- [ RunTime:0.002000s ]
SQL: SHOW COLUMNS FROM `tp_nav` [ RunTime:0.0230s ]
SQL: SELECT * FROM `tp_nav` ORDER BY nav_index  [ RunTime:0.0000s ]
NOTIC: [8] Use of undefined constant flnian - assumed 'flnian' F:\phpStudy\WWW\tp3\flnian\Home\Controller\IndexController.class.php 第 13 行.
INFO: [ view_parse ] --START--
INFO: [ template_filter ] --START--
INFO: Run Behavior\ContentReplaceBehavior [ RunTime:0.001000s ]
INFO: [ template_filter ] --END-- [ RunTime:0.001000s ]
NOTIC: [8] Use of undefined constant nav_title - assumed 'nav_title' F:\phpStudy\WWW\tp3\flnian\Runtime\Cache\Home\138d6b6a37fd17ebd736956bb1322679.php 第 40 行.
NOTIC: [8] Use of undefined constant nav_title - assumed 'nav_title' F:\phpStudy\WWW\tp3\flnian\Runtime\Cache\Home\138d6b6a37fd17ebd736956bb1322679.php 第 40 行.
NOTIC: [8] Use of undefined constant nav_title - assumed 'nav_title' F:\phpStudy\WWW\tp3\flnian\Runtime\Cache\Home\138d6b6a37fd17ebd736956bb1322679.php 第 40 行.
INFO: Run Behavior\ParseTemplateBehavior [ RunTime:0.035002s ]
INFO: [ view_parse ] --END-- [ RunTime:0.035002s ]
INFO: [ view_filter ] --START--
INFO: Run Behavior\WriteHtmlCacheBehavior [ RunTime:0.002000s ]
INFO: [ view_filter ] --END-- [ RunTime:0.002000s ]
INFO: [ app_end ] --START--
INFO: Run Behavior\ShowPageTraceBehavior [ RunTime:0.002000s ]
INFO: [ app_end ] --END-- [ RunTime:0.002000s ]

[ 2019-05-05T10:41:09+08:00 ] ::1 /tp3/?
INFO: [ app_init ] --START--
INFO: Run Behavior\BuildLiteBehavior [ RunTime:0.000000s ]
INFO: [ app_init ] --END-- [ RunTime:0.001000s ]
INFO: [ app_begin ] --START--
INFO: Run Behavior\ReadHtmlCacheBehavior [ RunTime:0.002000s ]
INFO: [ app_begin ] --END-- [ RunTime:0.002000s ]
SQL: SHOW COLUMNS FROM `tp_nav` [ RunTime:0.0130s ]
SQL: SELECT * FROM `tp_nav` ORDER BY nav_index  [ RunTime:0.0010s ]
NOTIC: [8] Use of undefined constant flnian - assumed 'flnian' F:\phpStudy\WWW\tp3\flnian\Home\Controller\IndexController.class.php 第 13 行.
INFO: [ view_parse ] --START--
INFO: [ template_filter ] --START--
INFO: Run Behavior\ContentReplaceBehavior [ RunTime:0.000000s ]
INFO: [ template_filter ] --END-- [ RunTime:0.000000s ]
NOTIC: [8] Undefined variable: phpinfo F:\phpStudy\WWW\tp3\flnian\Runtime\Cache\Home\138d6b6a37fd17ebd736956bb1322679.php 第 20 行.

[ 2019-05-05T10:41:32+08:00 ] ::1 /tp3/?
INFO: [ app_init ] --START--
INFO: Run Behavior\BuildLiteBehavior [ RunTime:0.000000s ]
INFO: [ app_init ] --END-- [ RunTime:0.002000s ]
INFO: [ app_begin ] --START--
INFO: Run Behavior\ReadHtmlCacheBehavior [ RunTime:0.002001s ]
INFO: [ app_begin ] --END-- [ RunTime:0.003001s ]
SQL: SHOW COLUMNS FROM `tp_nav` [ RunTime:0.0140s ]
SQL: SELECT * FROM `tp_nav` ORDER BY nav_index  [ RunTime:0.0010s ]
NOTIC: [8] Use of undefined constant flnian - assumed 'flnian' F:\phpStudy\WWW\tp3\flnian\Home\Controller\IndexController.class.php 第 13 行.
INFO: [ view_parse ] --START--
INFO: [ template_filter ] --START--
INFO: Run Behavior\ContentReplaceBehavior [ RunTime:0.000000s ]
INFO: [ template_filter ] --END-- [ RunTime:0.000000s ]
NOTIC: [8] Use of undefined constant nav_title - assumed 'nav_title' F:\phpStudy\WWW\tp3\flnian\Runtime\Cache\Home\138d6b6a37fd17ebd736956bb1322679.php 第 40 行.
NOTIC: [8] Use of undefined constant nav_title - assumed 'nav_title' F:\phpStudy\WWW\tp3\flnian\Runtime\Cache\Home\138d6b6a37fd17ebd736956bb1322679.php 第 40 行.
NOTIC: [8] Use of undefined constant nav_title - assumed 'nav_title' F:\phpStudy\WWW\tp3\flnian\Runtime\Cache\Home\138d6b6a37fd17ebd736956bb1322679.php 第 40 行.
INFO: Run Behavior\ParseTemplateBehavior [ RunTime:0.165010s ]
INFO: [ view_parse ] --END-- [ RunTime:0.165010s ]
INFO: [ view_filter ] --START--
INFO: Run Behavior\WriteHtmlCacheBehavior [ RunTime:0.002000s ]
INFO: [ view_filter ] --END-- [ RunTime:0.002000s ]
INFO: [ app_end ] --START--
INFO: Run Behavior\ShowPageTraceBehavior [ RunTime:0.007000s ]
INFO: [ app_end ] --END-- [ RunTime:0.007000s ]

[ 2019-05-05T10:42:22+08:00 ] ::1 /tp3/?
INFO: [ app_init ] --START--
INFO: Run Behavior\BuildLiteBehavior [ RunTime:0.000000s ]
INFO: [ app_init ] --END-- [ RunTime:0.001000s ]
INFO: [ app_begin ] --START--
INFO: Run Behavior\ReadHtmlCacheBehavior [ RunTime:0.002000s ]
INFO: [ app_begin ] --END-- [ RunTime:0.002000s ]
SQL: SHOW COLUMNS FROM `tp_nav` [ RunTime:0.0180s ]
SQL: SELECT * FROM `tp_nav` ORDER BY nav_index  [ RunTime:0.0010s ]
NOTIC: [8] Use of undefined constant flnian - assumed 'flnian' F:\phpStudy\WWW\tp3\flnian\Home\Controller\IndexController.class.php 第 13 行.
INFO: [ view_parse ] --START--
INFO: [ template_filter ] --START--
INFO: Run Behavior\ContentReplaceBehavior [ RunTime:0.000000s ]
INFO: [ template_filter ] --END-- [ RunTime:0.000000s ]
NOTIC: [8] Use of undefined constant nav_title - assumed 'nav_title' F:\phpStudy\WWW\tp3\flnian\Runtime\Cache\Home\138d6b6a37fd17ebd736956bb1322679.php 第 40 行.
NOTIC: [8] Use of undefined constant nav_title - assumed 'nav_title' F:\phpStudy\WWW\tp3\flnian\Runtime\Cache\Home\138d6b6a37fd17ebd736956bb1322679.php 第 40 行.
NOTIC: [8] Use of undefined constant nav_title - assumed 'nav_title' F:\phpStudy\WWW\tp3\flnian\Runtime\Cache\Home\138d6b6a37fd17ebd736956bb1322679.php 第 40 行.
INFO: Run Behavior\ParseTemplateBehavior [ RunTime:0.021001s ]
INFO: [ view_parse ] --END-- [ RunTime:0.021001s ]
INFO: [ view_filter ] --START--
INFO: Run Behavior\WriteHtmlCacheBehavior [ RunTime:0.002000s ]
INFO: [ view_filter ] --END-- [ RunTime:0.002000s ]
INFO: [ app_end ] --START--
INFO: Run Behavior\ShowPageTraceBehavior [ RunTime:0.002000s ]
INFO: [ app_end ] --END-- [ RunTime:0.002000s ]

[ 2019-05-05T10:42:58+08:00 ] ::1 /tp3/?
INFO: [ app_init ] --START--
INFO: Run Behavior\BuildLiteBehavior [ RunTime:0.000000s ]
INFO: [ app_init ] --END-- [ RunTime:0.001000s ]
INFO: [ app_begin ] --START--
INFO: Run Behavior\ReadHtmlCacheBehavior [ RunTime:0.002000s ]
INFO: [ app_begin ] --END-- [ RunTime:0.002000s ]
SQL: SHOW COLUMNS FROM `tp_nav` [ RunTime:0.0400s ]
SQL: SELECT * FROM `tp_nav` ORDER BY nav_index  [ RunTime:0.0000s ]
NOTIC: [8] Use of undefined constant flnian - assumed 'flnian' F:\phpStudy\WWW\tp3\flnian\Home\Controller\IndexController.class.php 第 13 行.
INFO: [ view_parse ] --START--
INFO: [ template_filter ] --START--
INFO: Run Behavior\ContentReplaceBehavior [ RunTime:0.000000s ]
INFO: [ template_filter ] --END-- [ RunTime:0.000000s ]
NOTIC: [8] Use of undefined constant nav_title - assumed 'nav_title' F:\phpStudy\WWW\tp3\flnian\Runtime\Cache\Home\138d6b6a37fd17ebd736956bb1322679.php 第 40 行.
NOTIC: [8] Use of undefined constant nav_title - assumed 'nav_title' F:\phpStudy\WWW\tp3\flnian\Runtime\Cache\Home\138d6b6a37fd17ebd736956bb1322679.php 第 40 行.
NOTIC: [8] Use of undefined constant nav_title - assumed 'nav_title' F:\phpStudy\WWW\tp3\flnian\Runtime\Cache\Home\138d6b6a37fd17ebd736956bb1322679.php 第 40 行.
INFO: Run Behavior\ParseTemplateBehavior [ RunTime:0.025001s ]
INFO: [ view_parse ] --END-- [ RunTime:0.025001s ]
INFO: [ view_filter ] --START--
INFO: Run Behavior\WriteHtmlCacheBehavior [ RunTime:0.002000s ]
INFO: [ view_filter ] --END-- [ RunTime:0.002000s ]
INFO: [ app_end ] --START--
INFO: Run Behavior\ShowPageTraceBehavior [ RunTime:0.002000s ]
INFO: [ app_end ] --END-- [ RunTime:0.002000s ]

[ 2019-05-05T10:43:11+08:00 ] ::1 /tp3/?
INFO: [ app_init ] --START--
INFO: Run Behavior\BuildLiteBehavior [ RunTime:0.001000s ]
INFO: [ app_init ] --END-- [ RunTime:0.001000s ]
INFO: [ app_begin ] --START--
INFO: Run Behavior\ReadHtmlCacheBehavior [ RunTime:0.003000s ]
INFO: [ app_begin ] --END-- [ RunTime:0.004000s ]
SQL: SHOW COLUMNS FROM `tp_nav` [ RunTime:0.0240s ]
SQL: SELECT * FROM `tp_nav` ORDER BY nav_index  [ RunTime:0.0010s ]
NOTIC: [8] Use of undefined constant flnian - assumed 'flnian' F:\phpStudy\WWW\tp3\flnian\Home\Controller\IndexController.class.php 第 13 行.
INFO: [ view_parse ] --START--
INFO: [ template_filter ] --START--
INFO: Run Behavior\ContentReplaceBehavior [ RunTime:0.000000s ]
INFO: [ template_filter ] --END-- [ RunTime:0.000000s ]
NOTIC: [8] Use of undefined constant nav_title - assumed 'nav_title' F:\phpStudy\WWW\tp3\flnian\Runtime\Cache\Home\138d6b6a37fd17ebd736956bb1322679.php 第 40 行.
NOTIC: [8] Use of undefined constant nav_title - assumed 'nav_title' F:\phpStudy\WWW\tp3\flnian\Runtime\Cache\Home\138d6b6a37fd17ebd736956bb1322679.php 第 40 行.
NOTIC: [8] Use of undefined constant nav_title - assumed 'nav_title' F:\phpStudy\WWW\tp3\flnian\Runtime\Cache\Home\138d6b6a37fd17ebd736956bb1322679.php 第 40 行.
INFO: Run Behavior\ParseTemplateBehavior [ RunTime:0.021001s ]
INFO: [ view_parse ] --END-- [ RunTime:0.021001s ]
INFO: [ view_filter ] --START--
INFO: Run Behavior\WriteHtmlCacheBehavior [ RunTime:0.002000s ]
INFO: [ view_filter ] --END-- [ RunTime:0.002000s ]
INFO: [ app_end ] --START--
INFO: Run Behavior\ShowPageTraceBehavior [ RunTime:0.002001s ]
INFO: [ app_end ] --END-- [ RunTime:0.002001s ]

[ 2019-05-05T10:47:17+08:00 ] ::1 /tp3/?
INFO: [ app_init ] --START--
INFO: Run Behavior\BuildLiteBehavior [ RunTime:0.000000s ]
INFO: [ app_init ] --END-- [ RunTime:0.001000s ]
INFO: [ app_begin ] --START--
INFO: Run Behavior\ReadHtmlCacheBehavior [ RunTime:0.002000s ]
INFO: [ app_begin ] --END-- [ RunTime:0.002000s ]
SQL: SHOW COLUMNS FROM `tp_nav` [ RunTime:0.0160s ]
SQL: SELECT * FROM `tp_nav` ORDER BY nav_index  [ RunTime:0.0010s ]
NOTIC: [8] Use of undefined constant flnian - assumed 'flnian' F:\phpStudy\WWW\tp3\flnian\Home\Controller\IndexController.class.php 第 13 行.
INFO: [ view_parse ] --START--
INFO: [ template_filter ] --START--
INFO: Run Behavior\ContentReplaceBehavior [ RunTime:0.000000s ]
INFO: [ template_filter ] --END-- [ RunTime:0.001000s ]
NOTIC: [8] Use of undefined constant showname - assumed 'showname' F:\phpStudy\WWW\tp3\flnian\Runtime\Cache\Home\138d6b6a37fd17ebd736956bb1322679.php 第 21 行.
NOTIC: [8] Use of undefined constant nav_title - assumed 'nav_title' F:\phpStudy\WWW\tp3\flnian\Runtime\Cache\Home\138d6b6a37fd17ebd736956bb1322679.php 第 41 行.
NOTIC: [8] Use of undefined constant nav_title - assumed 'nav_title' F:\phpStudy\WWW\tp3\flnian\Runtime\Cache\Home\138d6b6a37fd17ebd736956bb1322679.php 第 41 行.
NOTIC: [8] Use of undefined constant nav_title - assumed 'nav_title' F:\phpStudy\WWW\tp3\flnian\Runtime\Cache\Home\138d6b6a37fd17ebd736956bb1322679.php 第 41 行.
INFO: Run Behavior\ParseTemplateBehavior [ RunTime:0.019001s ]
INFO: [ view_parse ] --END-- [ RunTime:0.019001s ]
INFO: [ view_filter ] --START--
INFO: Run Behavior\WriteHtmlCacheBehavior [ RunTime:0.002000s ]
INFO: [ view_filter ] --END-- [ RunTime:0.002000s ]
INFO: [ app_end ] --START--
INFO: Run Behavior\ShowPageTraceBehavior [ RunTime:0.002001s ]
INFO: [ app_end ] --END-- [ RunTime:0.002001s ]

[ 2019-05-05T10:48:04+08:00 ] ::1 /tp3/?
INFO: [ app_init ] --START--
INFO: Run Behavior\BuildLiteBehavior [ RunTime:0.000000s ]
INFO: [ app_init ] --END-- [ RunTime:0.001000s ]
INFO: [ app_begin ] --START--
INFO: Run Behavior\ReadHtmlCacheBehavior [ RunTime:0.002000s ]
INFO: [ app_begin ] --END-- [ RunTime:0.002000s ]
SQL: SHOW COLUMNS FROM `tp_nav` [ RunTime:0.0120s ]
SQL: SELECT * FROM `tp_nav` ORDER BY nav_index  [ RunTime:0.0000s ]
NOTIC: [8] Use of undefined constant flnian - assumed 'flnian' F:\phpStudy\WWW\tp3\flnian\Home\Controller\IndexController.class.php 第 13 行.
INFO: [ view_parse ] --START--
INFO: [ template_filter ] --START--
INFO: Run Behavior\ContentReplaceBehavior [ RunTime:0.000000s ]
INFO: [ template_filter ] --END-- [ RunTime:0.000000s ]
NOTIC: [8] Use of undefined constant nav_title - assumed 'nav_title' F:\phpStudy\WWW\tp3\flnian\Runtime\Cache\Home\138d6b6a37fd17ebd736956bb1322679.php 第 40 行.
NOTIC: [8] Use of undefined constant nav_title - assumed 'nav_title' F:\phpStudy\WWW\tp3\flnian\Runtime\Cache\Home\138d6b6a37fd17ebd736956bb1322679.php 第 40 行.
NOTIC: [8] Use of undefined constant nav_title - assumed 'nav_title' F:\phpStudy\WWW\tp3\flnian\Runtime\Cache\Home\138d6b6a37fd17ebd736956bb1322679.php 第 40 行.
INFO: Run Behavior\ParseTemplateBehavior [ RunTime:0.020001s ]
INFO: [ view_parse ] --END-- [ RunTime:0.020001s ]
INFO: [ view_filter ] --START--
INFO: Run Behavior\WriteHtmlCacheBehavior [ RunTime:0.002001s ]
INFO: [ view_filter ] --END-- [ RunTime:0.002001s ]
INFO: [ app_end ] --START--
INFO: Run Behavior\ShowPageTraceBehavior [ RunTime:0.003000s ]
INFO: [ app_end ] --END-- [ RunTime:0.003000s ]

[ 2019-05-05T10:48:28+08:00 ] ::1 /tp3/?
INFO: [ app_init ] --START--
INFO: Run Behavior\BuildLiteBehavior [ RunTime:0.000000s ]
INFO: [ app_init ] --END-- [ RunTime:0.002000s ]
INFO: [ app_begin ] --START--
INFO: Run Behavior\ReadHtmlCacheBehavior [ RunTime:0.003000s ]
INFO: [ app_begin ] --END-- [ RunTime:0.003000s ]
SQL: SHOW COLUMNS FROM `tp_nav` [ RunTime:0.0150s ]
SQL: SELECT * FROM `tp_nav` ORDER BY nav_index  [ RunTime:0.0010s ]
NOTIC: [8] Use of undefined constant flnian - assumed 'flnian' F:\phpStudy\WWW\tp3\flnian\Home\Controller\IndexController.class.php 第 13 行.
INFO: [ view_parse ] --START--
INFO: [ template_filter ] --START--
INFO: Run Behavior\ContentReplaceBehavior [ RunTime:0.000000s ]
INFO: [ template_filter ] --END-- [ RunTime:0.001000s ]
NOTIC: [8] Use of undefined constant nav_title - assumed 'nav_title' F:\phpStudy\WWW\tp3\flnian\Runtime\Cache\Home\138d6b6a37fd17ebd736956bb1322679.php 第 40 行.
NOTIC: [8] Use of undefined constant nav_title - assumed 'nav_title' F:\phpStudy\WWW\tp3\flnian\Runtime\Cache\Home\138d6b6a37fd17ebd736956bb1322679.php 第 40 行.
NOTIC: [8] Use of undefined constant nav_title - assumed 'nav_title' F:\phpStudy\WWW\tp3\flnian\Runtime\Cache\Home\138d6b6a37fd17ebd736956bb1322679.php 第 40 行.
INFO: Run Behavior\ParseTemplateBehavior [ RunTime:0.023002s ]
INFO: [ view_parse ] --END-- [ RunTime:0.023002s ]
INFO: [ view_filter ] --START--
INFO: Run Behavior\WriteHtmlCacheBehavior [ RunTime:0.002000s ]
INFO: [ view_filter ] --END-- [ RunTime:0.002000s ]
INFO: [ app_end ] --START--
INFO: Run Behavior\ShowPageTraceBehavior [ RunTime:0.003000s ]
INFO: [ app_end ] --END-- [ RunTime:0.003000s ]

[ 2019-05-05T10:51:33+08:00 ] ::1 /tp3/?
INFO: [ app_init ] --START--
INFO: Run Behavior\BuildLiteBehavior [ RunTime:0.001000s ]
INFO: [ app_init ] --END-- [ RunTime:0.002000s ]
INFO: [ app_begin ] --START--
INFO: Run Behavior\ReadHtmlCacheBehavior [ RunTime:0.002000s ]
INFO: [ app_begin ] --END-- [ RunTime:0.002000s ]
NOTIC: [8] Use of undefined constant flnian - assumed 'flnian' F:\phpStudy\WWW\tp3\flnian\Home\Controller\IndexController.class.php 第 10 行.
INFO: [ view_parse ] --START--
INFO: [ template_filter ] --START--
INFO: Run Behavior\ContentReplaceBehavior [ RunTime:0.000000s ]
INFO: [ template_filter ] --END-- [ RunTime:0.000000s ]
NOTIC: [8] Undefined variable: navbar F:\phpStudy\WWW\tp3\flnian\Runtime\Cache\Home\138d6b6a37fd17ebd736956bb1322679.php 第 36 行.
NOTIC: [8] Undefined variable: navbar F:\phpStudy\WWW\tp3\flnian\Runtime\Cache\Home\138d6b6a37fd17ebd736956bb1322679.php 第 38 行.
NOTIC: [2] Invalid argument supplied for foreach() F:\phpStudy\WWW\tp3\flnian\Runtime\Cache\Home\138d6b6a37fd17ebd736956bb1322679.php 第 38 行.
INFO: Run Behavior\ParseTemplateBehavior [ RunTime:0.026001s ]
INFO: [ view_parse ] --END-- [ RunTime:0.026001s ]
INFO: [ view_filter ] --START--
INFO: Run Behavior\WriteHtmlCacheBehavior [ RunTime:0.002000s ]
INFO: [ view_filter ] --END-- [ RunTime:0.002000s ]
INFO: [ app_end ] --START--
INFO: Run Behavior\ShowPageTraceBehavior [ RunTime:0.002001s ]
INFO: [ app_end ] --END-- [ RunTime:0.002001s ]

[ 2019-05-05T10:51:34+08:00 ] ::1 /tp3/?
INFO: [ app_init ] --START--
INFO: Run Behavior\BuildLiteBehavior [ RunTime:0.000000s ]
INFO: [ app_init ] --END-- [ RunTime:0.001000s ]
INFO: [ app_begin ] --START--
INFO: Run Behavior\ReadHtmlCacheBehavior [ RunTime:0.003000s ]
INFO: [ app_begin ] --END-- [ RunTime:0.003000s ]
NOTIC: [8] Use of undefined constant flnian - assumed 'flnian' F:\phpStudy\WWW\tp3\flnian\Home\Controller\IndexController.class.php 第 10 行.
INFO: [ view_parse ] --START--
INFO: [ template_filter ] --START--
INFO: Run Behavior\ContentReplaceBehavior [ RunTime:0.000000s ]
INFO: [ template_filter ] --END-- [ RunTime:0.000000s ]
NOTIC: [8] Undefined variable: navbar F:\phpStudy\WWW\tp3\flnian\Runtime\Cache\Home\138d6b6a37fd17ebd736956bb1322679.php 第 36 行.
NOTIC: [8] Undefined variable: navbar F:\phpStudy\WWW\tp3\flnian\Runtime\Cache\Home\138d6b6a37fd17ebd736956bb1322679.php 第 38 行.
NOTIC: [2] Invalid argument supplied for foreach() F:\phpStudy\WWW\tp3\flnian\Runtime\Cache\Home\138d6b6a37fd17ebd736956bb1322679.php 第 38 行.
INFO: Run Behavior\ParseTemplateBehavior [ RunTime:0.025001s ]
INFO: [ view_parse ] --END-- [ RunTime:0.025001s ]
INFO: [ view_filter ] --START--
INFO: Run Behavior\WriteHtmlCacheBehavior [ RunTime:0.002000s ]
INFO: [ view_filter ] --END-- [ RunTime:0.002000s ]
INFO: [ app_end ] --START--
INFO: Run Behavior\ShowPageTraceBehavior [ RunTime:0.002000s ]
INFO: [ app_end ] --END-- [ RunTime:0.002000s ]

[ 2019-05-05T11:08:45+08:00 ] ::1 /tp3/?
INFO: [ app_init ] --START--
INFO: Run Behavior\BuildLiteBehavior [ RunTime:0.000000s ]
INFO: [ app_init ] --END-- [ RunTime:0.002000s ]
INFO: [ app_begin ] --START--
INFO: Run Behavior\ReadHtmlCacheBehavior [ RunTime:0.002000s ]
INFO: [ app_begin ] --END-- [ RunTime:0.002000s ]
NOTIC: [8] Use of undefined constant flnian - assumed 'flnian' F:\phpStudy\WWW\tp3\flnian\Home\Controller\IndexController.class.php 第 10 行.
INFO: [ view_parse ] --START--
INFO: [ template_filter ] --START--
INFO: Run Behavior\ContentReplaceBehavior [ RunTime:0.000000s ]
INFO: [ template_filter ] --END-- [ RunTime:0.000000s ]
NOTIC: [8] Undefined variable: navbar F:\phpStudy\WWW\tp3\flnian\Runtime\Cache\Home\138d6b6a37fd17ebd736956bb1322679.php 第 37 行.
NOTIC: [8] Undefined variable: navbar F:\phpStudy\WWW\tp3\flnian\Runtime\Cache\Home\138d6b6a37fd17ebd736956bb1322679.php 第 39 行.
NOTIC: [2] Invalid argument supplied for foreach() F:\phpStudy\WWW\tp3\flnian\Runtime\Cache\Home\138d6b6a37fd17ebd736956bb1322679.php 第 39 行.
INFO: Run Behavior\ParseTemplateBehavior [ RunTime:0.024001s ]
INFO: [ view_parse ] --END-- [ RunTime:0.024001s ]
INFO: [ view_filter ] --START--
INFO: Run Behavior\WriteHtmlCacheBehavior [ RunTime:0.002000s ]
INFO: [ view_filter ] --END-- [ RunTime:0.002000s ]
INFO: [ app_end ] --START--
INFO: Run Behavior\ShowPageTraceBehavior [ RunTime:0.002000s ]
INFO: [ app_end ] --END-- [ RunTime:0.002000s ]

[ 2019-05-05T11:09:33+08:00 ] ::1 /tp3/?
INFO: [ app_init ] --START--
INFO: Run Behavior\BuildLiteBehavior [ RunTime:0.000000s ]
INFO: [ app_init ] --END-- [ RunTime:0.001000s ]
INFO: [ app_begin ] --START--
INFO: Run Behavior\ReadHtmlCacheBehavior [ RunTime:0.003000s ]
INFO: [ app_begin ] --END-- [ RunTime:0.003000s ]
NOTIC: [8] Use of undefined constant flnian - assumed 'flnian' F:\phpStudy\WWW\tp3\flnian\Home\Controller\IndexController.class.php 第 10 行.
INFO: [ view_parse ] --START--
INFO: [ template_filter ] --START--
INFO: Run Behavior\ContentReplaceBehavior [ RunTime:0.000000s ]
INFO: [ template_filter ] --END-- [ RunTime:0.000000s ]
SQL: SHOW COLUMNS FROM `tp_nav` [ RunTime:0.0240s ]
SQL: SELECT * FROM `tp_nav` ORDER BY nav_index  [ RunTime:0.0000s ]
NOTIC: [8] Array to string conversion F:\phpStudy\WWW\tp3\flnian\Runtime\Cache\Home\138d6b6a37fd17ebd736956bb1322679.php 第 37 行.
NOTIC: [8] Use of undefined constant nav_title - assumed 'nav_title' F:\phpStudy\WWW\tp3\flnian\Runtime\Cache\Home\138d6b6a37fd17ebd736956bb1322679.php 第 41 行.
NOTIC: [8] Use of undefined constant nav_title - assumed 'nav_title' F:\phpStudy\WWW\tp3\flnian\Runtime\Cache\Home\138d6b6a37fd17ebd736956bb1322679.php 第 41 行.
NOTIC: [8] Use of undefined constant nav_title - assumed 'nav_title' F:\phpStudy\WWW\tp3\flnian\Runtime\Cache\Home\138d6b6a37fd17ebd736956bb1322679.php 第 41 行.
INFO: Run Behavior\ParseTemplateBehavior [ RunTime:1.076061s ]
INFO: [ view_parse ] --END-- [ RunTime:1.076061s ]
INFO: [ view_filter ] --START--
INFO: Run Behavior\WriteHtmlCacheBehavior [ RunTime:0.001000s ]
INFO: [ view_filter ] --END-- [ RunTime:0.002000s ]
INFO: [ app_end ] --START--
INFO: Run Behavior\ShowPageTraceBehavior [ RunTime:0.002000s ]
INFO: [ app_end ] --END-- [ RunTime:0.002000s ]

[ 2019-05-05T11:09:52+08:00 ] ::1 /tp3/?
INFO: [ app_init ] --START--
INFO: Run Behavior\BuildLiteBehavior [ RunTime:0.000000s ]
INFO: [ app_init ] --END-- [ RunTime:0.001000s ]
INFO: [ app_begin ] --START--
INFO: Run Behavior\ReadHtmlCacheBehavior [ RunTime:0.002000s ]
INFO: [ app_begin ] --END-- [ RunTime:0.002000s ]
NOTIC: [8] Use of undefined constant flnian - assumed 'flnian' F:\phpStudy\WWW\tp3\flnian\Home\Controller\IndexController.class.php 第 10 行.
INFO: [ view_parse ] --START--
INFO: [ template_filter ] --START--
INFO: Run Behavior\ContentReplaceBehavior [ RunTime:0.000000s ]
INFO: [ template_filter ] --END-- [ RunTime:0.000000s ]
SQL: SHOW COLUMNS FROM `tp_nav` [ RunTime:0.0160s ]
SQL: SELECT * FROM `tp_nav` ORDER BY nav_index  [ RunTime:0.0010s ]
NOTIC: [8] Array to string conversion F:\phpStudy\WWW\tp3\flnian\Runtime\Cache\Home\138d6b6a37fd17ebd736956bb1322679.php 第 37 行.
NOTIC: [8] Use of undefined constant nav_title - assumed 'nav_title' F:\phpStudy\WWW\tp3\flnian\Runtime\Cache\Home\138d6b6a37fd17ebd736956bb1322679.php 第 41 行.
NOTIC: [8] Use of undefined constant nav_title - assumed 'nav_title' F:\phpStudy\WWW\tp3\flnian\Runtime\Cache\Home\138d6b6a37fd17ebd736956bb1322679.php 第 41 行.
NOTIC: [8] Use of undefined constant nav_title - assumed 'nav_title' F:\phpStudy\WWW\tp3\flnian\Runtime\Cache\Home\138d6b6a37fd17ebd736956bb1322679.php 第 41 行.
INFO: Run Behavior\ParseTemplateBehavior [ RunTime:1.083062s ]
INFO: [ view_parse ] --END-- [ RunTime:1.083062s ]
INFO: [ view_filter ] --START--
INFO: Run Behavior\WriteHtmlCacheBehavior [ RunTime:0.002000s ]
INFO: [ view_filter ] --END-- [ RunTime:0.002000s ]
INFO: [ app_end ] --START--
INFO: Run Behavior\ShowPageTraceBehavior [ RunTime:0.003001s ]
INFO: [ app_end ] --END-- [ RunTime:0.003001s ]

[ 2019-05-05T11:10:04+08:00 ] ::1 /tp3/?
INFO: [ app_init ] --START--
INFO: Run Behavior\BuildLiteBehavior [ RunTime:0.000000s ]
INFO: [ app_init ] --END-- [ RunTime:0.001000s ]
INFO: [ app_begin ] --START--
INFO: Run Behavior\ReadHtmlCacheBehavior [ RunTime:0.002000s ]
INFO: [ app_begin ] --END-- [ RunTime:0.002000s ]
NOTIC: [8] Use of undefined constant flnian - assumed 'flnian' F:\phpStudy\WWW\tp3\flnian\Home\Controller\IndexController.class.php 第 10 行.
INFO: [ view_parse ] --START--
INFO: [ template_filter ] --START--
INFO: Run Behavior\ContentReplaceBehavior [ RunTime:0.000000s ]
INFO: [ template_filter ] --END-- [ RunTime:0.001000s ]
SQL: SHOW COLUMNS FROM `tp_nav` [ RunTime:0.0230s ]
SQL: SELECT * FROM `tp_nav` ORDER BY nav_index  [ RunTime:0.0010s ]
NOTIC: [8] Use of undefined constant nav_title - assumed 'nav_title' F:\phpStudy\WWW\tp3\flnian\Runtime\Cache\Home\138d6b6a37fd17ebd736956bb1322679.php 第 41 行.
NOTIC: [8] Use of undefined constant nav_title - assumed 'nav_title' F:\phpStudy\WWW\tp3\flnian\Runtime\Cache\Home\138d6b6a37fd17ebd736956bb1322679.php 第 41 行.
NOTIC: [8] Use of undefined constant nav_title - assumed 'nav_title' F:\phpStudy\WWW\tp3\flnian\Runtime\Cache\Home\138d6b6a37fd17ebd736956bb1322679.php 第 41 行.
INFO: Run Behavior\ParseTemplateBehavior [ RunTime:1.069061s ]
INFO: [ view_parse ] --END-- [ RunTime:1.069061s ]
INFO: [ view_filter ] --START--
INFO: Run Behavior\WriteHtmlCacheBehavior [ RunTime:0.004000s ]
INFO: [ view_filter ] --END-- [ RunTime:0.004000s ]
INFO: [ app_end ] --START--
INFO: Run Behavior\ShowPageTraceBehavior [ RunTime:0.004000s ]
INFO: [ app_end ] --END-- [ RunTime:0.005000s ]

[ 2019-05-05T11:10:13+08:00 ] ::1 /tp3/?
INFO: [ app_init ] --START--
INFO: Run Behavior\BuildLiteBehavior [ RunTime:0.000000s ]
INFO: [ app_init ] --END-- [ RunTime:0.001000s ]
INFO: [ app_begin ] --START--
INFO: Run Behavior\ReadHtmlCacheBehavior [ RunTime:0.002000s ]
INFO: [ app_begin ] --END-- [ RunTime:0.002000s ]
NOTIC: [8] Use of undefined constant flnian - assumed 'flnian' F:\phpStudy\WWW\tp3\flnian\Home\Controller\IndexController.class.php 第 10 行.
INFO: [ view_parse ] --START--
INFO: [ template_filter ] --START--
INFO: Run Behavior\ContentReplaceBehavior [ RunTime:0.000000s ]
INFO: [ template_filter ] --END-- [ RunTime:0.000000s ]
SQL: SHOW COLUMNS FROM `tp_nav` [ RunTime:0.0170s ]
SQL: SELECT * FROM `tp_nav` ORDER BY nav_index  [ RunTime:0.0010s ]
NOTIC: [8] Use of undefined constant nav_title - assumed 'nav_title' F:\phpStudy\WWW\tp3\flnian\Runtime\Cache\Home\138d6b6a37fd17ebd736956bb1322679.php 第 41 行.
NOTIC: [8] Use of undefined constant nav_title - assumed 'nav_title' F:\phpStudy\WWW\tp3\flnian\Runtime\Cache\Home\138d6b6a37fd17ebd736956bb1322679.php 第 41 行.
NOTIC: [8] Use of undefined constant nav_title - assumed 'nav_title' F:\phpStudy\WWW\tp3\flnian\Runtime\Cache\Home\138d6b6a37fd17ebd736956bb1322679.php 第 41 行.
INFO: Run Behavior\ParseTemplateBehavior [ RunTime:1.062061s ]
INFO: [ view_parse ] --END-- [ RunTime:1.062061s ]
INFO: [ view_filter ] --START--
INFO: Run Behavior\WriteHtmlCacheBehavior [ RunTime:0.002000s ]
INFO: [ view_filter ] --END-- [ RunTime:0.002000s ]
INFO: [ app_end ] --START--
INFO: Run Behavior\ShowPageTraceBehavior [ RunTime:0.002000s ]
INFO: [ app_end ] --END-- [ RunTime:0.003000s ]

[ 2019-05-05T11:10:33+08:00 ] ::1 /tp3/index.php
INFO: [ app_init ] --START--
INFO: Run Behavior\BuildLiteBehavior [ RunTime:0.000000s ]
INFO: [ app_init ] --END-- [ RunTime:0.001000s ]
INFO: [ app_begin ] --START--
INFO: Run Behavior\ReadHtmlCacheBehavior [ RunTime:0.002001s ]
INFO: [ app_begin ] --END-- [ RunTime:0.002001s ]
NOTIC: [8] Use of undefined constant flnian - assumed 'flnian' F:\phpStudy\WWW\tp3\flnian\Home\Controller\IndexController.class.php 第 10 行.
INFO: [ view_parse ] --START--
INFO: [ template_filter ] --START--
INFO: Run Behavior\ContentReplaceBehavior [ RunTime:0.000000s ]
INFO: [ template_filter ] --END-- [ RunTime:0.000000s ]
SQL: SHOW COLUMNS FROM `tp_nav` [ RunTime:0.0310s ]
SQL: SELECT * FROM `tp_nav` ORDER BY nav_index  [ RunTime:0.0010s ]
NOTIC: [8] Use of undefined constant nav_title - assumed 'nav_title' F:\phpStudy\WWW\tp3\flnian\Runtime\Cache\Home\138d6b6a37fd17ebd736956bb1322679.php 第 41 行.
NOTIC: [8] Use of undefined constant nav_title - assumed 'nav_title' F:\phpStudy\WWW\tp3\flnian\Runtime\Cache\Home\138d6b6a37fd17ebd736956bb1322679.php 第 41 行.
NOTIC: [8] Use of undefined constant nav_title - assumed 'nav_title' F:\phpStudy\WWW\tp3\flnian\Runtime\Cache\Home\138d6b6a37fd17ebd736956bb1322679.php 第 41 行.
INFO: Run Behavior\ParseTemplateBehavior [ RunTime:1.077061s ]
INFO: [ view_parse ] --END-- [ RunTime:1.077061s ]
INFO: [ view_filter ] --START--
INFO: Run Behavior\WriteHtmlCacheBehavior [ RunTime:0.002001s ]
INFO: [ view_filter ] --END-- [ RunTime:0.002001s ]
INFO: [ app_end ] --START--
INFO: Run Behavior\ShowPageTraceBehavior [ RunTime:0.003000s ]
INFO: [ app_end ] --END-- [ RunTime:0.003000s ]

[ 2019-05-05T11:12:04+08:00 ] ::1 /tp3/?
INFO: [ app_init ] --START--
INFO: Run Behavior\BuildLiteBehavior [ RunTime:0.000000s ]
INFO: [ app_init ] --END-- [ RunTime:0.005000s ]
INFO: [ app_begin ] --START--
INFO: Run Behavior\ReadHtmlCacheBehavior [ RunTime:0.015000s ]
INFO: [ app_begin ] --END-- [ RunTime:0.015000s ]
NOTIC: [8] Use of undefined constant flnian - assumed 'flnian' F:\phpStudy\WWW\tp3\flnian\Home\Controller\IndexController.class.php 第 10 行.
INFO: [ view_parse ] --START--
INFO: [ template_filter ] --START--
INFO: Run Behavior\ContentReplaceBehavior [ RunTime:0.000000s ]
INFO: [ template_filter ] --END-- [ RunTime:0.000000s ]
SQL: SHOW COLUMNS FROM `tp_nav` [ RunTime:0.0150s ]
SQL: SELECT * FROM `tp_nav` ORDER BY nav_index  [ RunTime:0.0020s ]
NOTIC: [8] Use of undefined constant nav_title - assumed 'nav_title' F:\phpStudy\WWW\tp3\flnian\Runtime\Cache\Home\138d6b6a37fd17ebd736956bb1322679.php 第 42 行.
NOTIC: [8] Use of undefined constant nav_title - assumed 'nav_title' F:\phpStudy\WWW\tp3\flnian\Runtime\Cache\Home\138d6b6a37fd17ebd736956bb1322679.php 第 42 行.
NOTIC: [8] Use of undefined constant nav_title - assumed 'nav_title' F:\phpStudy\WWW\tp3\flnian\Runtime\Cache\Home\138d6b6a37fd17ebd736956bb1322679.php 第 42 行.
INFO: Run Behavior\ParseTemplateBehavior [ RunTime:1.157066s ]
INFO: [ view_parse ] --END-- [ RunTime:1.157066s ]
INFO: [ view_filter ] --START--
INFO: Run Behavior\WriteHtmlCacheBehavior [ RunTime:0.010001s ]
INFO: [ view_filter ] --END-- [ RunTime:0.010001s ]
INFO: [ app_end ] --START--
INFO: Run Behavior\ShowPageTraceBehavior [ RunTime:0.002000s ]
INFO: [ app_end ] --END-- [ RunTime:0.002000s ]

[ 2019-05-05T11:12:25+08:00 ] ::1 /tp3/?
INFO: [ app_init ] --START--
INFO: Run Behavior\BuildLiteBehavior [ RunTime:0.000000s ]
INFO: [ app_init ] --END-- [ RunTime:0.001000s ]
INFO: [ app_begin ] --START--
INFO: Run Behavior\ReadHtmlCacheBehavior [ RunTime:0.003000s ]
INFO: [ app_begin ] --END-- [ RunTime:0.003000s ]
NOTIC: [8] Use of undefined constant flnian - assumed 'flnian' F:\phpStudy\WWW\tp3\flnian\Home\Controller\IndexController.class.php 第 10 行.
INFO: [ view_parse ] --START--
INFO: [ template_filter ] --START--
INFO: Run Behavior\ContentReplaceBehavior [ RunTime:0.000000s ]
INFO: [ template_filter ] --END-- [ RunTime:0.000000s ]
SQL: SHOW COLUMNS FROM `tp_nav` [ RunTime:0.0150s ]
SQL: SELECT * FROM `tp_nav` ORDER BY nav_index  [ RunTime:0.0010s ]
NOTIC: [8] Use of undefined constant nav_title - assumed 'nav_title' F:\phpStudy\WWW\tp3\flnian\Runtime\Cache\Home\138d6b6a37fd17ebd736956bb1322679.php 第 42 行.
NOTIC: [8] Use of undefined constant nav_title - assumed 'nav_title' F:\phpStudy\WWW\tp3\flnian\Runtime\Cache\Home\138d6b6a37fd17ebd736956bb1322679.php 第 42 行.
NOTIC: [8] Use of undefined constant nav_title - assumed 'nav_title' F:\phpStudy\WWW\tp3\flnian\Runtime\Cache\Home\138d6b6a37fd17ebd736956bb1322679.php 第 42 行.
INFO: Run Behavior\ParseTemplateBehavior [ RunTime:1.073061s ]
INFO: [ view_parse ] --END-- [ RunTime:1.073061s ]
INFO: [ view_filter ] --START--
INFO: Run Behavior\WriteHtmlCacheBehavior [ RunTime:0.002001s ]
INFO: [ view_filter ] --END-- [ RunTime:0.002001s ]
INFO: [ app_end ] --START--
INFO: Run Behavior\ShowPageTraceBehavior [ RunTime:0.002000s ]
INFO: [ app_end ] --END-- [ RunTime:0.003000s ]

[ 2019-05-05T14:07:39+08:00 ] ::1 /tp3/
INFO: [ app_init ] --START--
INFO: Run Behavior\BuildLiteBehavior [ RunTime:0.000000s ]
INFO: [ app_init ] --END-- [ RunTime:0.145008s ]
INFO: [ app_begin ] --START--
INFO: Run Behavior\ReadHtmlCacheBehavior [ RunTime:0.027002s ]
INFO: [ app_begin ] --END-- [ RunTime:0.027002s ]
NOTIC: [8] Use of undefined constant flnian - assumed 'flnian' F:\phpStudy\WWW\tp3\flnian\Home\Controller\IndexController.class.php 第 10 行.
INFO: [ view_parse ] --START--
INFO: [ template_filter ] --START--
INFO: Run Behavior\ContentReplaceBehavior [ RunTime:0.001000s ]
INFO: [ template_filter ] --END-- [ RunTime:0.002000s ]
SQL: SHOW COLUMNS FROM `tp_nav` [ RunTime:0.1160s ]
SQL: SELECT * FROM `tp_nav` ORDER BY nav_index  [ RunTime:0.0000s ]
NOTIC: [8] Use of undefined constant nav_title - assumed 'nav_title' F:\phpStudy\WWW\tp3\flnian\Runtime\Cache\Home\138d6b6a37fd17ebd736956bb1322679.php 第 42 行.
NOTIC: [8] Use of undefined constant nav_title - assumed 'nav_title' F:\phpStudy\WWW\tp3\flnian\Runtime\Cache\Home\138d6b6a37fd17ebd736956bb1322679.php 第 42 行.
NOTIC: [8] Use of undefined constant nav_title - assumed 'nav_title' F:\phpStudy\WWW\tp3\flnian\Runtime\Cache\Home\138d6b6a37fd17ebd736956bb1322679.php 第 42 行.
INFO: Run Behavior\ParseTemplateBehavior [ RunTime:1.463084s ]
INFO: [ view_parse ] --END-- [ RunTime:1.463084s ]
INFO: [ view_filter ] --START--
INFO: Run Behavior\WriteHtmlCacheBehavior [ RunTime:0.026001s ]
INFO: [ view_filter ] --END-- [ RunTime:0.026001s ]
INFO: [ app_end ] --START--
INFO: Run Behavior\ShowPageTraceBehavior [ RunTime:0.046003s ]
INFO: [ app_end ] --END-- [ RunTime:0.046003s ]

[ 2019-05-05T14:24:37+08:00 ] ::1 /tp3/
INFO: [ app_init ] --START--
INFO: Run Behavior\BuildLiteBehavior [ RunTime:0.000000s ]
INFO: [ app_init ] --END-- [ RunTime:0.014001s ]
INFO: [ app_begin ] --START--
INFO: Run Behavior\ReadHtmlCacheBehavior [ RunTime:0.007000s ]
INFO: [ app_begin ] --END-- [ RunTime:0.008000s ]
NOTIC: [8] Use of undefined constant flnian - assumed 'flnian' F:\phpStudy\WWW\tp3\flnian\Home\Controller\IndexController.class.php 第 10 行.
INFO: [ view_parse ] --START--
INFO: [ template_filter ] --START--
INFO: Run Behavior\ContentReplaceBehavior [ RunTime:0.000000s ]
INFO: [ template_filter ] --END-- [ RunTime:0.000000s ]
SQL: SHOW COLUMNS FROM `tp_nav` [ RunTime:0.0200s ]
SQL: SELECT * FROM `tp_nav` ORDER BY nav_index  [ RunTime:0.0010s ]
NOTIC: [8] Use of undefined constant nav_title - assumed 'nav_title' F:\phpStudy\WWW\tp3\flnian\Runtime\Cache\Home\138d6b6a37fd17ebd736956bb1322679.php 第 42 行.
NOTIC: [8] Use of undefined constant nav_title - assumed 'nav_title' F:\phpStudy\WWW\tp3\flnian\Runtime\Cache\Home\138d6b6a37fd17ebd736956bb1322679.php 第 42 行.
NOTIC: [8] Use of undefined constant nav_title - assumed 'nav_title' F:\phpStudy\WWW\tp3\flnian\Runtime\Cache\Home\138d6b6a37fd17ebd736956bb1322679.php 第 42 行.
INFO: Run Behavior\ParseTemplateBehavior [ RunTime:1.173067s ]
INFO: [ view_parse ] --END-- [ RunTime:1.173067s ]
INFO: [ view_filter ] --START--
INFO: Run Behavior\WriteHtmlCacheBehavior [ RunTime:0.022002s ]
INFO: [ view_filter ] --END-- [ RunTime:0.022002s ]
INFO: [ app_end ] --START--
INFO: Run Behavior\ShowPageTraceBehavior [ RunTime:0.012000s ]
INFO: [ app_end ] --END-- [ RunTime:0.012000s ]

[ 2019-05-05T14:24:43+08:00 ] ::1 /tp3/
INFO: [ app_init ] --START--
INFO: Run Behavior\BuildLiteBehavior [ RunTime:0.000000s ]
INFO: [ app_init ] --END-- [ RunTime:0.002001s ]
INFO: [ app_begin ] --START--
INFO: Run Behavior\ReadHtmlCacheBehavior [ RunTime:0.001000s ]
INFO: [ app_begin ] --END-- [ RunTime:0.001000s ]
NOTIC: [8] Use of undefined constant flnian - assumed 'flnian' F:\phpStudy\WWW\tp3\flnian\Home\Controller\IndexController.class.php 第 10 行.
INFO: [ view_parse ] --START--
INFO: [ template_filter ] --START--
INFO: Run Behavior\ContentReplaceBehavior [ RunTime:0.000000s ]
INFO: [ template_filter ] --END-- [ RunTime:0.000000s ]
SQL: SHOW COLUMNS FROM `tp_nav` [ RunTime:0.0170s ]
SQL: SELECT * FROM `tp_nav` ORDER BY nav_index  [ RunTime:0.0010s ]
NOTIC: [8] Use of undefined constant nav_title - assumed 'nav_title' F:\phpStudy\WWW\tp3\flnian\Runtime\Cache\Home\138d6b6a37fd17ebd736956bb1322679.php 第 42 行.
NOTIC: [8] Use of undefined constant nav_title - assumed 'nav_title' F:\phpStudy\WWW\tp3\flnian\Runtime\Cache\Home\138d6b6a37fd17ebd736956bb1322679.php 第 42 行.
NOTIC: [8] Use of undefined constant nav_title - assumed 'nav_title' F:\phpStudy\WWW\tp3\flnian\Runtime\Cache\Home\138d6b6a37fd17ebd736956bb1322679.php 第 42 行.
INFO: Run Behavior\ParseTemplateBehavior [ RunTime:1.060060s ]
INFO: [ view_parse ] --END-- [ RunTime:1.060060s ]
INFO: [ view_filter ] --START--
INFO: Run Behavior\WriteHtmlCacheBehavior [ RunTime:0.002000s ]
INFO: [ view_filter ] --END-- [ RunTime:0.002000s ]
INFO: [ app_end ] --START--
INFO: Run Behavior\ShowPageTraceBehavior [ RunTime:0.003001s ]
INFO: [ app_end ] --END-- [ RunTime:0.003001s ]

[ 2019-05-05T14:25:36+08:00 ] ::1 /tp3/
INFO: [ app_init ] --START--
INFO: Run Behavior\BuildLiteBehavior [ RunTime:0.000000s ]
INFO: [ app_init ] --END-- [ RunTime:0.001000s ]
INFO: [ app_begin ] --START--
INFO: Run Behavior\ReadHtmlCacheBehavior [ RunTime:0.001000s ]
INFO: [ app_begin ] --END-- [ RunTime:0.001000s ]
NOTIC: [8] Use of undefined constant flnian - assumed 'flnian' F:\phpStudy\WWW\tp3\flnian\Home\Controller\IndexController.class.php 第 10 行.
INFO: [ view_parse ] --START--
INFO: [ template_filter ] --START--
INFO: Run Behavior\ContentReplaceBehavior [ RunTime:0.001000s ]
INFO: [ template_filter ] --END-- [ RunTime:0.001000s ]
SQL: SHOW COLUMNS FROM `tp_nav` [ RunTime:0.0180s ]
SQL: SELECT * FROM `tp_nav` ORDER BY nav_index  [ RunTime:0.0010s ]
NOTIC: [8] Use of undefined constant nav_title - assumed 'nav_title' F:\phpStudy\WWW\tp3\flnian\Runtime\Cache\Home\138d6b6a37fd17ebd736956bb1322679.php 第 42 行.
NOTIC: [8] Use of undefined constant nav_title - assumed 'nav_title' F:\phpStudy\WWW\tp3\flnian\Runtime\Cache\Home\138d6b6a37fd17ebd736956bb1322679.php 第 42 行.
NOTIC: [8] Use of undefined constant nav_title - assumed 'nav_title' F:\phpStudy\WWW\tp3\flnian\Runtime\Cache\Home\138d6b6a37fd17ebd736956bb1322679.php 第 42 行.
INFO: Run Behavior\ParseTemplateBehavior [ RunTime:1.047060s ]
INFO: [ view_parse ] --END-- [ RunTime:1.047060s ]
INFO: [ view_filter ] --START--
INFO: Run Behavior\WriteHtmlCacheBehavior [ RunTime:0.001000s ]
INFO: [ view_filter ] --END-- [ RunTime:0.001000s ]
INFO: [ app_end ] --START--
INFO: Run Behavior\ShowPageTraceBehavior [ RunTime:0.001000s ]
INFO: [ app_end ] --END-- [ RunTime:0.001000s ]

[ 2019-05-05T14:25:43+08:00 ] ::1 /tp3/
INFO: [ app_init ] --START--
INFO: Run Behavior\BuildLiteBehavior [ RunTime:0.000000s ]
INFO: [ app_init ] --END-- [ RunTime:0.001000s ]
INFO: [ app_begin ] --START--
INFO: Run Behavior\ReadHtmlCacheBehavior [ RunTime:0.002001s ]
INFO: [ app_begin ] --END-- [ RunTime:0.002001s ]
NOTIC: [8] Use of undefined constant flnian - assumed 'flnian' F:\phpStudy\WWW\tp3\flnian\Home\Controller\IndexController.class.php 第 10 行.
INFO: [ view_parse ] --START--
INFO: [ template_filter ] --START--
INFO: Run Behavior\ContentReplaceBehavior [ RunTime:0.000000s ]
INFO: [ template_filter ] --END-- [ RunTime:0.001000s ]
SQL: SHOW COLUMNS FROM `tp_nav` [ RunTime:0.0130s ]
SQL: SELECT * FROM `tp_nav` ORDER BY nav_index  [ RunTime:0.0010s ]
NOTIC: [8] Use of undefined constant nav_title - assumed 'nav_title' F:\phpStudy\WWW\tp3\flnian\Runtime\Cache\Home\138d6b6a37fd17ebd736956bb1322679.php 第 42 行.
NOTIC: [8] Use of undefined constant nav_title - assumed 'nav_title' F:\phpStudy\WWW\tp3\flnian\Runtime\Cache\Home\138d6b6a37fd17ebd736956bb1322679.php 第 42 行.
NOTIC: [8] Use of undefined constant nav_title - assumed 'nav_title' F:\phpStudy\WWW\tp3\flnian\Runtime\Cache\Home\138d6b6a37fd17ebd736956bb1322679.php 第 42 行.
INFO: Run Behavior\ParseTemplateBehavior [ RunTime:1.056060s ]
INFO: [ view_parse ] --END-- [ RunTime:1.056060s ]
INFO: [ view_filter ] --START--
INFO: Run Behavior\WriteHtmlCacheBehavior [ RunTime:0.001000s ]
INFO: [ view_filter ] --END-- [ RunTime:0.001000s ]
INFO: [ app_end ] --START--
INFO: Run Behavior\ShowPageTraceBehavior [ RunTime:0.002000s ]
INFO: [ app_end ] --END-- [ RunTime:0.002000s ]

[ 2019-05-05T14:25:44+08:00 ] ::1 /tp3/index.php
INFO: [ app_init ] --START--
INFO: Run Behavior\BuildLiteBehavior [ RunTime:0.000000s ]
INFO: [ app_init ] --END-- [ RunTime:0.001000s ]
INFO: [ app_begin ] --START--
INFO: Run Behavior\ReadHtmlCacheBehavior [ RunTime:0.002000s ]
INFO: [ app_begin ] --END-- [ RunTime:0.002000s ]
NOTIC: [8] Use of undefined constant flnian - assumed 'flnian' F:\phpStudy\WWW\tp3\flnian\Home\Controller\IndexController.class.php 第 10 行.
INFO: [ view_parse ] --START--
INFO: [ template_filter ] --START--
INFO: Run Behavior\ContentReplaceBehavior [ RunTime:0.000000s ]
INFO: [ template_filter ] --END-- [ RunTime:0.000000s ]
SQL: SHOW COLUMNS FROM `tp_nav` [ RunTime:0.0200s ]
SQL: SELECT * FROM `tp_nav` ORDER BY nav_index  [ RunTime:0.0010s ]
NOTIC: [8] Use of undefined constant nav_title - assumed 'nav_title' F:\phpStudy\WWW\tp3\flnian\Runtime\Cache\Home\138d6b6a37fd17ebd736956bb1322679.php 第 42 行.
NOTIC: [8] Use of undefined constant nav_title - assumed 'nav_title' F:\phpStudy\WWW\tp3\flnian\Runtime\Cache\Home\138d6b6a37fd17ebd736956bb1322679.php 第 42 行.
NOTIC: [8] Use of undefined constant nav_title - assumed 'nav_title' F:\phpStudy\WWW\tp3\flnian\Runtime\Cache\Home\138d6b6a37fd17ebd736956bb1322679.php 第 42 行.
INFO: Run Behavior\ParseTemplateBehavior [ RunTime:1.089062s ]
INFO: [ view_parse ] --END-- [ RunTime:1.089062s ]
INFO: [ view_filter ] --START--
INFO: Run Behavior\WriteHtmlCacheBehavior [ RunTime:0.002000s ]
INFO: [ view_filter ] --END-- [ RunTime:0.002000s ]
INFO: [ app_end ] --START--
INFO: Run Behavior\ShowPageTraceBehavior [ RunTime:0.003001s ]
INFO: [ app_end ] --END-- [ RunTime:0.003001s ]

[ 2019-05-05T14:28:22+08:00 ] ::1 /tp3/
INFO: [ app_init ] --START--
INFO: Run Behavior\BuildLiteBehavior [ RunTime:0.000000s ]
INFO: [ app_init ] --END-- [ RunTime:0.001000s ]
INFO: [ app_begin ] --START--
INFO: Run Behavior\ReadHtmlCacheBehavior [ RunTime:0.003001s ]
INFO: [ app_begin ] --END-- [ RunTime:0.003001s ]
NOTIC: [8] Use of undefined constant flnian - assumed 'flnian' F:\phpStudy\WWW\tp3\flnian\Home\Controller\IndexController.class.php 第 10 行.
INFO: [ view_parse ] --START--
INFO: [ template_filter ] --START--
INFO: Run Behavior\ContentReplaceBehavior [ RunTime:0.001000s ]
INFO: [ template_filter ] --END-- [ RunTime:0.001000s ]
SQL: SHOW COLUMNS FROM `tp_nav` [ RunTime:0.0200s ]
SQL: SELECT * FROM `tp_nav` ORDER BY nav_index  [ RunTime:0.0010s ]
NOTIC: [8] Use of undefined constant nav_title - assumed 'nav_title' F:\phpStudy\WWW\tp3\flnian\Runtime\Cache\Home\138d6b6a37fd17ebd736956bb1322679.php 第 42 行.
NOTIC: [8] Use of undefined constant nav_title - assumed 'nav_title' F:\phpStudy\WWW\tp3\flnian\Runtime\Cache\Home\138d6b6a37fd17ebd736956bb1322679.php 第 42 行.
NOTIC: [8] Use of undefined constant nav_title - assumed 'nav_title' F:\phpStudy\WWW\tp3\flnian\Runtime\Cache\Home\138d6b6a37fd17ebd736956bb1322679.php 第 42 行.
INFO: Run Behavior\ParseTemplateBehavior [ RunTime:1.064061s ]
INFO: [ view_parse ] --END-- [ RunTime:1.064061s ]
INFO: [ view_filter ] --START--
INFO: Run Behavior\WriteHtmlCacheBehavior [ RunTime:0.001000s ]
INFO: [ view_filter ] --END-- [ RunTime:0.001000s ]
INFO: [ app_end ] --START--
INFO: Run Behavior\ShowPageTraceBehavior [ RunTime:0.001000s ]
INFO: [ app_end ] --END-- [ RunTime:0.001000s ]

[ 2019-05-05T14:28:26+08:00 ] ::1 /tp3/
INFO: [ app_init ] --START--
INFO: Run Behavior\BuildLiteBehavior [ RunTime:0.000000s ]
INFO: [ app_init ] --END-- [ RunTime:0.001000s ]
INFO: [ app_begin ] --START--
INFO: Run Behavior\ReadHtmlCacheBehavior [ RunTime:0.002000s ]
INFO: [ app_begin ] --END-- [ RunTime:0.002000s ]
NOTIC: [8] Use of undefined constant flnian - assumed 'flnian' F:\phpStudy\WWW\tp3\flnian\Home\Controller\IndexController.class.php 第 10 行.
INFO: [ view_parse ] --START--
INFO: [ template_filter ] --START--
INFO: Run Behavior\ContentReplaceBehavior [ RunTime:0.000000s ]
INFO: [ template_filter ] --END-- [ RunTime:0.000000s ]
SQL: SHOW COLUMNS FROM `tp_nav` [ RunTime:0.0200s ]
SQL: SELECT * FROM `tp_nav` ORDER BY nav_index  [ RunTime:0.0010s ]
NOTIC: [8] Use of undefined constant nav_title - assumed 'nav_title' F:\phpStudy\WWW\tp3\flnian\Runtime\Cache\Home\138d6b6a37fd17ebd736956bb1322679.php 第 42 行.
NOTIC: [8] Use of undefined constant nav_title - assumed 'nav_title' F:\phpStudy\WWW\tp3\flnian\Runtime\Cache\Home\138d6b6a37fd17ebd736956bb1322679.php 第 42 行.
NOTIC: [8] Use of undefined constant nav_title - assumed 'nav_title' F:\phpStudy\WWW\tp3\flnian\Runtime\Cache\Home\138d6b6a37fd17ebd736956bb1322679.php 第 42 行.
INFO: Run Behavior\ParseTemplateBehavior [ RunTime:1.070061s ]
INFO: [ view_parse ] --END-- [ RunTime:1.070061s ]
INFO: [ view_filter ] --START--
INFO: Run Behavior\WriteHtmlCacheBehavior [ RunTime:0.002000s ]
INFO: [ view_filter ] --END-- [ RunTime:0.002000s ]
INFO: [ app_end ] --START--
INFO: Run Behavior\ShowPageTraceBehavior [ RunTime:0.002000s ]
INFO: [ app_end ] --END-- [ RunTime:0.002000s ]

[ 2019-05-05T14:28:49+08:00 ] ::1 /tp3/
INFO: [ app_init ] --START--
INFO: Run Behavior\BuildLiteBehavior [ RunTime:0.000000s ]
INFO: [ app_init ] --END-- [ RunTime:0.001000s ]
INFO: [ app_begin ] --START--
INFO: Run Behavior\ReadHtmlCacheBehavior [ RunTime:0.002000s ]
INFO: [ app_begin ] --END-- [ RunTime:0.002000s ]
NOTIC: [8] Use of undefined constant flnian - assumed 'flnian' F:\phpStudy\WWW\tp3\flnian\Home\Controller\IndexController.class.php 第 10 行.
INFO: [ view_parse ] --START--
INFO: [ template_filter ] --START--
INFO: Run Behavior\ContentReplaceBehavior [ RunTime:0.000000s ]
INFO: [ template_filter ] --END-- [ RunTime:0.000000s ]
SQL: SHOW COLUMNS FROM `tp_nav` [ RunTime:0.0160s ]
SQL: SELECT * FROM `tp_nav` ORDER BY nav_index  [ RunTime:0.0010s ]
NOTIC: [8] Use of undefined constant nav_title - assumed 'nav_title' F:\phpStudy\WWW\tp3\flnian\Runtime\Cache\Home\138d6b6a37fd17ebd736956bb1322679.php 第 42 行.
NOTIC: [8] Use of undefined constant nav_title - assumed 'nav_title' F:\phpStudy\WWW\tp3\flnian\Runtime\Cache\Home\138d6b6a37fd17ebd736956bb1322679.php 第 42 行.
NOTIC: [8] Use of undefined constant nav_title - assumed 'nav_title' F:\phpStudy\WWW\tp3\flnian\Runtime\Cache\Home\138d6b6a37fd17ebd736956bb1322679.php 第 42 行.
INFO: Run Behavior\ParseTemplateBehavior [ RunTime:1.065061s ]
INFO: [ view_parse ] --END-- [ RunTime:1.065061s ]
INFO: [ view_filter ] --START--
INFO: Run Behavior\WriteHtmlCacheBehavior [ RunTime:0.001000s ]
INFO: [ view_filter ] --END-- [ RunTime:0.001000s ]
INFO: [ app_end ] --START--
INFO: Run Behavior\ShowPageTraceBehavior [ RunTime:0.002000s ]
INFO: [ app_end ] --END-- [ RunTime:0.002000s ]

[ 2019-05-05T14:55:16+08:00 ] ::1 /tp3/
INFO: [ app_init ] --START--
INFO: Run Behavior\BuildLiteBehavior [ RunTime:0.000000s ]
INFO: [ app_init ] --END-- [ RunTime:0.007000s ]
INFO: [ app_begin ] --START--
INFO: Run Behavior\ReadHtmlCacheBehavior [ RunTime:0.016001s ]
INFO: [ app_begin ] --END-- [ RunTime:0.017001s ]
NOTIC: [8] Use of undefined constant flnian - assumed 'flnian' F:\phpStudy\WWW\tp3\flnian\Home\Controller\IndexController.class.php 第 10 行.
INFO: [ view_parse ] --START--
INFO: [ template_filter ] --START--
INFO: Run Behavior\ContentReplaceBehavior [ RunTime:0.001000s ]
INFO: [ template_filter ] --END-- [ RunTime:0.001000s ]
SQL: SHOW COLUMNS FROM `tp_nav` [ RunTime:0.0130s ]
SQL: SELECT * FROM `tp_nav` ORDER BY nav_index  [ RunTime:0.0010s ]
NOTIC: [8] Use of undefined constant nav_title - assumed 'nav_title' F:\phpStudy\WWW\tp3\flnian\Runtime\Cache\Home\138d6b6a37fd17ebd736956bb1322679.php 第 42 行.
NOTIC: [8] Use of undefined constant nav_title - assumed 'nav_title' F:\phpStudy\WWW\tp3\flnian\Runtime\Cache\Home\138d6b6a37fd17ebd736956bb1322679.php 第 42 行.
NOTIC: [8] Use of undefined constant nav_title - assumed 'nav_title' F:\phpStudy\WWW\tp3\flnian\Runtime\Cache\Home\138d6b6a37fd17ebd736956bb1322679.php 第 42 行.
INFO: Run Behavior\ParseTemplateBehavior [ RunTime:1.136065s ]
INFO: [ view_parse ] --END-- [ RunTime:1.136065s ]
INFO: [ view_filter ] --START--
INFO: Run Behavior\WriteHtmlCacheBehavior [ RunTime:0.026001s ]
INFO: [ view_filter ] --END-- [ RunTime:0.026001s ]
INFO: [ app_end ] --START--
INFO: Run Behavior\ShowPageTraceBehavior [ RunTime:0.002000s ]
INFO: [ app_end ] --END-- [ RunTime:0.003000s ]

